<?xml version="1.0" encoding="UTF-8"?>
<!-- Generated by org.testng.reporters.JUnitXMLReporter -->
<testsuite ignored="0" hostname="IT-QE-MLBRIONES" failures="0" tests="3" name="Test" time="109.31" errors="0" timestamp="2023-08-22T14:24:30 SGT">
  <testcase classname="tests.Three" name="@BeforeMethod setup" time="5.178">
    <failure type="org.openqa.selenium.SessionNotCreatedException" message="Could not start a new session. Response code 500. Message: Could not start a new session. Could not start a new session. Error while creating session with the driver service. Stopping driver service: Could not start a new session. Response code 500. Message: unknown error: cannot find msedge binary 
Host info: host: &amp;apos;f76c09591888&amp;apos;, ip: &amp;apos;172.18.0.5&amp;apos;
Build info: version: &amp;apos;4.11.0&amp;apos;, revision: &amp;apos;040bc5406b&amp;apos;
System info: os.name: &amp;apos;Linux&amp;apos;, os.arch: &amp;apos;amd64&amp;apos;, os.version: &amp;apos;5.10.102.1-microsoft-standard-WSL2&amp;apos;, java.version: &amp;apos;11.0.20&amp;apos;
Driver info: driver.version: unknown
Build info: version: &amp;apos;4.11.0&amp;apos;, revision: &amp;apos;040bc5406b&amp;apos;
System info: os.name: &amp;apos;Linux&amp;apos;, os.arch: &amp;apos;amd64&amp;apos;, os.version: &amp;apos;5.10.102.1-microsoft-standard-WSL2&amp;apos;, java.version: &amp;apos;11.0.20&amp;apos;
Driver info: driver.version: unknown
Build info: version: &amp;apos;4.11.0&amp;apos;, revision: &amp;apos;040bc5406b&amp;apos;
System info: os.name: &amp;apos;Linux&amp;apos;, os.arch: &amp;apos;amd64&amp;apos;, os.version: &amp;apos;5.10.102.1-microsoft-standard-WSL2&amp;apos;, java.version: &amp;apos;11.0.20&amp;apos;
Driver info: driver.version: unknown
Build info: version: &amp;apos;4.1.0&amp;apos;, revision: &amp;apos;87802e897b&amp;apos;
System info: host: &amp;apos;IT-QE-MLBRIONES&amp;apos;, ip: &amp;apos;169.254.106.6&amp;apos;, os.name: &amp;apos;Windows 10&amp;apos;, os.arch: &amp;apos;amd64&amp;apos;, os.version: &amp;apos;10.0&amp;apos;, java.version: &amp;apos;11.0.19&amp;apos;
Driver info: org.openqa.selenium.remote.RemoteWebDriver
Command: [null, newSession {capabilities=[Capabilities {browserName: MicrosoftEdge}], desiredCapabilities=Capabilities {browserName: MicrosoftEdge}}]
Capabilities {}">
      <![CDATA[org.openqa.selenium.SessionNotCreatedException: Could not start a new session. Response code 500. Message: Could not start a new session. Could not start a new session. Error while creating session with the driver service. Stopping driver service: Could not start a new session. Response code 500. Message: unknown error: cannot find msedge binary 
Host info: host: 'f76c09591888', ip: '172.18.0.5'
Build info: version: '4.11.0', revision: '040bc5406b'
System info: os.name: 'Linux', os.arch: 'amd64', os.version: '5.10.102.1-microsoft-standard-WSL2', java.version: '11.0.20'
Driver info: driver.version: unknown
Build info: version: '4.11.0', revision: '040bc5406b'
System info: os.name: 'Linux', os.arch: 'amd64', os.version: '5.10.102.1-microsoft-standard-WSL2', java.version: '11.0.20'
Driver info: driver.version: unknown
Build info: version: '4.11.0', revision: '040bc5406b'
System info: os.name: 'Linux', os.arch: 'amd64', os.version: '5.10.102.1-microsoft-standard-WSL2', java.version: '11.0.20'
Driver info: driver.version: unknown
Build info: version: '4.1.0', revision: '87802e897b'
System info: host: 'IT-QE-MLBRIONES', ip: '169.254.106.6', os.name: 'Windows 10', os.arch: 'amd64', os.version: '10.0', java.version: '11.0.19'
Driver info: org.openqa.selenium.remote.RemoteWebDriver
Command: [null, newSession {capabilities=[Capabilities {browserName: MicrosoftEdge}], desiredCapabilities=Capabilities {browserName: MicrosoftEdge}}]
Capabilities {}
at org.openqa.selenium.remote.ProtocolHandshake.createSession(ProtocolHandshake.java:126)
at org.openqa.selenium.remote.ProtocolHandshake.createSession(ProtocolHandshake.java:84)
at org.openqa.selenium.remote.ProtocolHandshake.createSession(ProtocolHandshake.java:62)
at org.openqa.selenium.remote.HttpCommandExecutor.execute(HttpCommandExecutor.java:156)
at org.openqa.selenium.remote.TracedCommandExecutor.execute(TracedCommandExecutor.java:50)
at org.openqa.selenium.remote.RemoteWebDriver.execute(RemoteWebDriver.java:559)
at org.openqa.selenium.remote.RemoteWebDriver.startSession(RemoteWebDriver.java:246)
at org.openqa.selenium.remote.RemoteWebDriver.<init>(RemoteWebDriver.java:168)
at org.openqa.selenium.remote.RemoteWebDriver.<init>(RemoteWebDriver.java:146)
at base.Base.initializeBrowser(Base.java:30)
at tests.Three.setup(Three.java:28)
at java.base/java.util.ArrayList.forEach(ArrayList.java:1541)
... Removed 31 stack frames]]>
    </failure>
  </testcase> <!-- @BeforeMethod setup -->
  <testcase classname="tests.Three" name="@AfterMethod tearDown" time="-1.692685470338E9">
    <skipped/>
  </testcase> <!-- @AfterMethod tearDown -->
  <testcase classname="tests.One" name="testOne" time="5.059"/>
  <testcase classname="tests.Two" name="testTwo" time="4.595"/>
  <testcase classname="tests.Three" name="testThree" time="0.0">
    <skipped/>
  </testcase> <!-- testThree -->
</testsuite> <!-- Test -->
