<?xml version="1.0" encoding="UTF-8"?>
<testng-results ignored="0" total="1" passed="1" failed="0" skipped="0">
  <reporter-output>
  </reporter-output>
  <suite started-at="2023-08-22T14:35:22 SGT" name="Default suite" finished-at="2023-08-22T14:35:30 SGT" duration-ms="7869">
    <groups>
    </groups>
    <test started-at="2023-08-22T14:35:22 SGT" name="Default test" finished-at="2023-08-22T14:35:30 SGT" duration-ms="7869">
      <class name="tests.One">
        <test-method is-config="true" signature="setup()[pri:0, instance:tests.One@3514a4c0]" started-at="2023-08-22T14:35:22 SGT" name="setup" finished-at="2023-08-22T14:35:26 SGT" duration-ms="3761" status="PASS">
          <reporter-output>
          </reporter-output>
        </test-method> <!-- setup -->
        <test-method signature="testOne()[pri:0, instance:tests.One@3514a4c0]" started-at="2023-08-22T14:35:26 SGT" name="testOne" finished-at="2023-08-22T14:35:29 SGT" duration-ms="3764" status="PASS">
          <reporter-output>
          </reporter-output>
        </test-method> <!-- testOne -->
        <test-method is-config="true" signature="tearDown()[pri:0, instance:tests.One@3514a4c0]" started-at="2023-08-22T14:35:29 SGT" name="tearDown" finished-at="2023-08-22T14:35:30 SGT" duration-ms="303" status="PASS">
          <reporter-output>
          </reporter-output>
        </test-method> <!-- tearDown -->
      </class> <!-- tests.One -->
    </test> <!-- Default test -->
  </suite> <!-- Default suite -->
</testng-results>
